<?xml version="1.0" encoding="UTF-8"?>
<robot generator="Robot 5.0.1 (Python 3.10.2 on win32)" generated="20220707 18:01:09.283" rpa="false" schemaversion="3">
<suite id="s1" name="Verify Invalid Credential Suite" source="D:\Mine\Company\CGI4\orange_automation\login_suite\verify_invalid_credential_suite.robot">
<test id="s1-t1" name="TC1" line="13">
<kw name="Launch Browser" library="CommonFunctionalities" type="SETUP">
<kw name="Open Browser" library="SeleniumLibrary">
<arg>browser=${BROWSER_NAME}</arg>
<arg>executable_path=${EXECDIR}${/}driver${/}chromedriver.exe</arg>
<doc>Opens a new browser instance to the optional ``url``.</doc>
<msg timestamp="20220707 18:01:09.754" level="INFO">Opening browser 'chrome' to base url 'None'.</msg>
<status status="PASS" starttime="20220707 18:01:09.753" endtime="20220707 18:01:11.652"/>
</kw>
<kw name="Maximize Browser Window" library="SeleniumLibrary">
<doc>Maximizes current browser window.</doc>
<status status="PASS" starttime="20220707 18:01:11.652" endtime="20220707 18:01:11.824"/>
</kw>
<kw name="Set Selenium Implicit Wait" library="SeleniumLibrary">
<arg>30s</arg>
<doc>Sets the implicit wait value used by Selenium.</doc>
<status status="PASS" starttime="20220707 18:01:11.825" endtime="20220707 18:01:11.828"/>
</kw>
<kw name="Set Screenshot Directory" library="SeleniumLibrary">
<arg>path=${EXECDIR}${/}screenshots</arg>
<doc>Sets the directory for captured screenshots.</doc>
<status status="PASS" starttime="20220707 18:01:11.828" endtime="20220707 18:01:11.829"/>
</kw>
<kw name="Go To" library="SeleniumLibrary">
<arg>url=${URL}</arg>
<doc>Navigates the current browser window to the provided ``url``.</doc>
<msg timestamp="20220707 18:01:11.830" level="INFO">Opening url 'https://opensource-demo.orangehrmlive.com/'</msg>
<status status="PASS" starttime="20220707 18:01:11.829" endtime="20220707 18:01:16.239"/>
</kw>
<status status="PASS" starttime="20220707 18:01:09.752" endtime="20220707 18:01:16.240"/>
</kw>
<kw name="Verify Invalid Credential Template">
<arg>john</arg>
<arg>john123</arg>
<arg>Invalid credentials</arg>
<kw name="Input Text" library="SeleniumLibrary">
<arg>id=txtUsername</arg>
<arg>${username}</arg>
<doc>Types the given ``text`` into the text field identified by ``locator``.</doc>
<msg timestamp="20220707 18:01:16.252" level="INFO">Typing text 'john' into text field 'id=txtUsername'.</msg>
<status status="PASS" starttime="20220707 18:01:16.251" endtime="20220707 18:01:16.417"/>
</kw>
<kw name="Input Password" library="SeleniumLibrary">
<arg>css=#txtPassword</arg>
<arg>${password}</arg>
<doc>Types the given password into the text field identified by ``locator``.</doc>
<msg timestamp="20220707 18:01:16.418" level="INFO">Typing password into text field 'css=#txtPassword'.</msg>
<msg timestamp="20220707 18:01:16.491" level="INFO">Temporally setting log level to: NONE</msg>
<msg timestamp="20220707 18:01:16.581" level="INFO">Log level changed from NONE to INFO.</msg>
<status status="PASS" starttime="20220707 18:01:16.418" endtime="20220707 18:01:16.581"/>
</kw>
<kw name="Click Element" library="SeleniumLibrary">
<arg>id=btnLogin</arg>
<doc>Click the element identified by ``locator``.</doc>
<msg timestamp="20220707 18:01:16.582" level="INFO">Clicking element 'id=btnLogin'.</msg>
<status status="PASS" starttime="20220707 18:01:16.581" endtime="20220707 18:01:18.242"/>
</kw>
<kw name="Element Text Should Be" library="SeleniumLibrary">
<arg>id=spanMessage</arg>
<arg>${expected_error}</arg>
<doc>Verifies that element ``locator`` contains exact the text ``expected``.</doc>
<msg timestamp="20220707 18:01:18.243" level="INFO">Verifying element 'id=spanMessage' contains exact text 'Invalid credentials'.</msg>
<msg timestamp="20220707 18:01:18.448" level="INFO" html="true">&lt;/td&gt;&lt;/tr&gt;&lt;tr&gt;&lt;td colspan="3"&gt;&lt;a href="screenshots/selenium-screenshot-4.png"&gt;&lt;img src="screenshots/selenium-screenshot-4.png" width="800px"&gt;&lt;/a&gt;</msg>
<msg timestamp="20220707 18:01:18.449" level="FAIL">The text of element 'id=spanMessage' should have been 'Invalid credentials' but it was 'Ungültige Benutzernamen-Passwort-Kombination'.</msg>
<status status="FAIL" starttime="20220707 18:01:18.242" endtime="20220707 18:01:18.452"/>
</kw>
<status status="FAIL" starttime="20220707 18:01:16.250" endtime="20220707 18:01:18.453"/>
</kw>
<kw name="End Browser" library="CommonFunctionalities" type="TEARDOWN">
<kw name="Close Browser" library="SeleniumLibrary">
<doc>Closes the current browser.</doc>
<status status="PASS" starttime="20220707 18:01:18.455" endtime="20220707 18:01:21.051"/>
</kw>
<status status="PASS" starttime="20220707 18:01:18.454" endtime="20220707 18:01:21.051"/>
</kw>
<status status="FAIL" starttime="20220707 18:01:09.750" endtime="20220707 18:01:21.051">The text of element 'id=spanMessage' should have been 'Invalid credentials' but it was 'Ungültige Benutzernamen-Passwort-Kombination'.</status>
</test>
<test id="s1-t2" name="TC2" line="14">
<kw name="Launch Browser" library="CommonFunctionalities" type="SETUP">
<kw name="Open Browser" library="SeleniumLibrary">
<arg>browser=${BROWSER_NAME}</arg>
<arg>executable_path=${EXECDIR}${/}driver${/}chromedriver.exe</arg>
<doc>Opens a new browser instance to the optional ``url``.</doc>
<msg timestamp="20220707 18:01:21.110" level="INFO">Opening browser 'chrome' to base url 'None'.</msg>
<status status="PASS" starttime="20220707 18:01:21.110" endtime="20220707 18:01:23.020"/>
</kw>
<kw name="Maximize Browser Window" library="SeleniumLibrary">
<doc>Maximizes current browser window.</doc>
<status status="PASS" starttime="20220707 18:01:23.020" endtime="20220707 18:01:23.142"/>
</kw>
<kw name="Set Selenium Implicit Wait" library="SeleniumLibrary">
<arg>30s</arg>
<doc>Sets the implicit wait value used by Selenium.</doc>
<status status="PASS" starttime="20220707 18:01:23.142" endtime="20220707 18:01:23.144"/>
</kw>
<kw name="Set Screenshot Directory" library="SeleniumLibrary">
<arg>path=${EXECDIR}${/}screenshots</arg>
<doc>Sets the directory for captured screenshots.</doc>
<status status="PASS" starttime="20220707 18:01:23.144" endtime="20220707 18:01:23.146"/>
</kw>
<kw name="Go To" library="SeleniumLibrary">
<arg>url=${URL}</arg>
<doc>Navigates the current browser window to the provided ``url``.</doc>
<msg timestamp="20220707 18:01:23.147" level="INFO">Opening url 'https://opensource-demo.orangehrmlive.com/'</msg>
<status status="PASS" starttime="20220707 18:01:23.147" endtime="20220707 18:01:27.590"/>
</kw>
<status status="PASS" starttime="20220707 18:01:21.109" endtime="20220707 18:01:27.590"/>
</kw>
<kw name="Verify Invalid Credential Template">
<arg>peter</arg>
<arg>peter123</arg>
<arg>Invalid credentials</arg>
<kw name="Input Text" library="SeleniumLibrary">
<arg>id=txtUsername</arg>
<arg>${username}</arg>
<doc>Types the given ``text`` into the text field identified by ``locator``.</doc>
<msg timestamp="20220707 18:01:27.714" level="INFO">Typing text 'peter' into text field 'id=txtUsername'.</msg>
<status status="PASS" starttime="20220707 18:01:27.713" endtime="20220707 18:01:28.405"/>
</kw>
<kw name="Input Password" library="SeleniumLibrary">
<arg>css=#txtPassword</arg>
<arg>${password}</arg>
<doc>Types the given password into the text field identified by ``locator``.</doc>
<msg timestamp="20220707 18:01:28.406" level="INFO">Typing password into text field 'css=#txtPassword'.</msg>
<msg timestamp="20220707 18:01:28.486" level="INFO">Temporally setting log level to: NONE</msg>
<msg timestamp="20220707 18:01:28.587" level="INFO">Log level changed from NONE to INFO.</msg>
<status status="PASS" starttime="20220707 18:01:28.405" endtime="20220707 18:01:28.587"/>
</kw>
<kw name="Click Element" library="SeleniumLibrary">
<arg>id=btnLogin</arg>
<doc>Click the element identified by ``locator``.</doc>
<msg timestamp="20220707 18:01:28.589" level="INFO">Clicking element 'id=btnLogin'.</msg>
<status status="PASS" starttime="20220707 18:01:28.588" endtime="20220707 18:01:30.196"/>
</kw>
<kw name="Element Text Should Be" library="SeleniumLibrary">
<arg>id=spanMessage</arg>
<arg>${expected_error}</arg>
<doc>Verifies that element ``locator`` contains exact the text ``expected``.</doc>
<msg timestamp="20220707 18:01:30.198" level="INFO">Verifying element 'id=spanMessage' contains exact text 'Invalid credentials'.</msg>
<msg timestamp="20220707 18:01:30.446" level="INFO" html="true">&lt;/td&gt;&lt;/tr&gt;&lt;tr&gt;&lt;td colspan="3"&gt;&lt;a href="screenshots/selenium-screenshot-5.png"&gt;&lt;img src="screenshots/selenium-screenshot-5.png" width="800px"&gt;&lt;/a&gt;</msg>
<msg timestamp="20220707 18:01:30.447" level="FAIL">The text of element 'id=spanMessage' should have been 'Invalid credentials' but it was 'Ungültige Benutzernamen-Passwort-Kombination'.</msg>
<status status="FAIL" starttime="20220707 18:01:30.196" endtime="20220707 18:01:30.448"/>
</kw>
<status status="FAIL" starttime="20220707 18:01:27.712" endtime="20220707 18:01:30.450"/>
</kw>
<kw name="End Browser" library="CommonFunctionalities" type="TEARDOWN">
<kw name="Close Browser" library="SeleniumLibrary">
<doc>Closes the current browser.</doc>
<status status="PASS" starttime="20220707 18:01:30.452" endtime="20220707 18:01:33.182"/>
</kw>
<status status="PASS" starttime="20220707 18:01:30.451" endtime="20220707 18:01:33.183"/>
</kw>
<status status="FAIL" starttime="20220707 18:01:21.109" endtime="20220707 18:01:33.190">The text of element 'id=spanMessage' should have been 'Invalid credentials' but it was 'Ungültige Benutzernamen-Passwort-Kombination'.</status>
</test>
<doc>This suite handles test cases related to valid credential
connected with scenario SC_OH_2 and test case TC_OH_3</doc>
<status status="FAIL" starttime="20220707 18:01:09.289" endtime="20220707 18:01:33.198"/>
</suite>
<statistics>
<total>
<stat pass="0" fail="2" skip="0">All Tests</stat>
</total>
<tag>
</tag>
<suite>
<stat pass="0" fail="2" skip="0" id="s1" name="Verify Invalid Credential Suite">Verify Invalid Credential Suite</stat>
</suite>
</statistics>
<errors>
</errors>
</robot>
