<?xml version="1.0" encoding="UTF-8"?>
<robot generator="Robot 5.0.1 (Python 3.10.2 on win32)" generated="20220708 15:52:10.272" rpa="false" schemaversion="3">
<suite id="s1" name="Verify Add Employee Suite" source="D:\Mine\Company\CGI4\orange_automation\employee_suite\verify_add_employee_suite.robot">
<test id="s1-t1" name="Verify Add Employee Test" line="14">
<kw name="Launch Browser" library="CommonFunctionalities" type="SETUP">
<if>
<branch type="IF" condition="'${BROWSER_NAME}' == 'edge'">
<kw name="Open Browser" library="SeleniumLibrary">
<arg>browser=${BROWSER_NAME}</arg>
<arg>executable_path=${EXECDIR}${/}driver${/}msedgedriver.exe</arg>
<doc>Opens a new browser instance to the optional ``url``.</doc>
<status status="NOT RUN" starttime="20220708 15:52:10.774" endtime="20220708 15:52:10.774"/>
</kw>
<status status="NOT RUN" starttime="20220708 15:52:10.773" endtime="20220708 15:52:10.774"/>
</branch>
<branch type="ELSE IF" condition="'${BROWSER_NAME}' == 'ff'">
<kw name="Open Browser" library="SeleniumLibrary">
<arg>browser=${BROWSER_NAME}</arg>
<arg>executable_path=${EXECDIR}${/}driver${/}geckodriver.exe</arg>
<doc>Opens a new browser instance to the optional ``url``.</doc>
<status status="NOT RUN" starttime="20220708 15:52:10.774" endtime="20220708 15:52:10.774"/>
</kw>
<status status="NOT RUN" starttime="20220708 15:52:10.774" endtime="20220708 15:52:10.774"/>
</branch>
<branch type="ELSE">
<kw name="Open Browser" library="SeleniumLibrary">
<arg>browser=${BROWSER_NAME}</arg>
<arg>executable_path=${EXECDIR}${/}driver${/}chromedriver.exe</arg>
<doc>Opens a new browser instance to the optional ``url``.</doc>
<msg timestamp="20220708 15:52:10.775" level="INFO">Opening browser 'chrome' to base url 'None'.</msg>
<status status="PASS" starttime="20220708 15:52:10.775" endtime="20220708 15:52:13.062"/>
</kw>
<status status="PASS" starttime="20220708 15:52:10.775" endtime="20220708 15:52:13.062"/>
</branch>
<status status="PASS" starttime="20220708 15:52:10.773" endtime="20220708 15:52:13.062"/>
</if>
<kw name="Maximize Browser Window" library="SeleniumLibrary">
<doc>Maximizes current browser window.</doc>
<status status="PASS" starttime="20220708 15:52:13.062" endtime="20220708 15:52:13.191"/>
</kw>
<kw name="Set Selenium Implicit Wait" library="SeleniumLibrary">
<arg>30s</arg>
<doc>Sets the implicit wait value used by Selenium.</doc>
<status status="PASS" starttime="20220708 15:52:13.192" endtime="20220708 15:52:13.195"/>
</kw>
<kw name="Set Screenshot Directory" library="SeleniumLibrary">
<arg>path=${EXECDIR}${/}screenshots</arg>
<doc>Sets the directory for captured screenshots.</doc>
<status status="PASS" starttime="20220708 15:52:13.195" endtime="20220708 15:52:13.197"/>
</kw>
<kw name="Go To" library="SeleniumLibrary">
<arg>url=${URL}</arg>
<doc>Navigates the current browser window to the provided ``url``.</doc>
<msg timestamp="20220708 15:52:13.198" level="INFO">Opening url 'https://opensource-demo.orangehrmlive.com/'</msg>
<status status="PASS" starttime="20220708 15:52:13.198" endtime="20220708 15:52:17.187"/>
</kw>
<status status="PASS" starttime="20220708 15:52:10.772" endtime="20220708 15:52:17.188"/>
</kw>
<kw name="Enter Username" library="LoginPage">
<arg>Admin</arg>
<kw name="Input Text" library="SeleniumLibrary">
<arg>${USERNAME_LOCATOR}</arg>
<arg>${username}</arg>
<doc>Types the given ``text`` into the text field identified by ``locator``.</doc>
<msg timestamp="20220708 15:52:17.191" level="INFO">Typing text 'Admin' into text field 'id=txtUsername'.</msg>
<status status="PASS" starttime="20220708 15:52:17.190" endtime="20220708 15:52:17.401"/>
</kw>
<status status="PASS" starttime="20220708 15:52:17.189" endtime="20220708 15:52:17.401"/>
</kw>
<kw name="Enter Password" library="LoginPage">
<arg>admin123</arg>
<kw name="Input Password" library="SeleniumLibrary">
<arg>${PASSWORD_LOCATOR}</arg>
<arg>${password}</arg>
<doc>Types the given password into the text field identified by ``locator``.</doc>
<msg timestamp="20220708 15:52:17.404" level="INFO">Typing password into text field 'css=#txtPassword'.</msg>
<msg timestamp="20220708 15:52:17.503" level="INFO">Temporally setting log level to: NONE</msg>
<msg timestamp="20220708 15:52:17.586" level="INFO">Log level changed from NONE to INFO.</msg>
<status status="PASS" starttime="20220708 15:52:17.403" endtime="20220708 15:52:17.586"/>
</kw>
<status status="PASS" starttime="20220708 15:52:17.402" endtime="20220708 15:52:17.586"/>
</kw>
<kw name="Click Login" library="LoginPage">
<kw name="Click Element" library="SeleniumLibrary">
<arg>${LOGIN_LOCATOR}</arg>
<doc>Click the element identified by ``locator``.</doc>
<msg timestamp="20220708 15:52:17.589" level="INFO">Clicking element 'id=btnLogin'.</msg>
<status status="PASS" starttime="20220708 15:52:17.589" endtime="20220708 15:52:21.963"/>
</kw>
<status status="PASS" starttime="20220708 15:52:17.587" endtime="20220708 15:52:21.964"/>
</kw>
<kw name="Mouse Hover On PIM" library="MainPage">
<kw name="Mouse Over" library="SeleniumLibrary">
<arg>${PIM_LOCATOR}</arg>
<doc>Simulates hovering the mouse over the element ``locator``.</doc>
<msg timestamp="20220708 15:52:21.976" level="INFO">Simulating Mouse Over on element 'link=PIM'.</msg>
<status status="PASS" starttime="20220708 15:52:21.975" endtime="20220708 15:52:22.332"/>
</kw>
<status status="PASS" starttime="20220708 15:52:21.974" endtime="20220708 15:52:22.332"/>
</kw>
<kw name="Click Element" library="SeleniumLibrary">
<arg>link=Add Employee</arg>
<doc>Click the element identified by ``locator``.</doc>
<msg timestamp="20220708 15:52:22.333" level="INFO">Clicking element 'link=Add Employee'.</msg>
<status status="PASS" starttime="20220708 15:52:22.333" endtime="20220708 15:52:23.481"/>
</kw>
<kw name="Input Text" library="SeleniumLibrary">
<arg>id=firstName</arg>
<arg>Bala</arg>
<doc>Types the given ``text`` into the text field identified by ``locator``.</doc>
<msg timestamp="20220708 15:52:23.482" level="INFO">Typing text 'Bala' into text field 'id=firstName'.</msg>
<status status="PASS" starttime="20220708 15:52:23.482" endtime="20220708 15:52:23.620"/>
</kw>
<kw name="Input Text" library="SeleniumLibrary">
<arg>id=lastName</arg>
<arg>Dina</arg>
<doc>Types the given ``text`` into the text field identified by ``locator``.</doc>
<msg timestamp="20220708 15:52:23.621" level="INFO">Typing text 'Dina' into text field 'id=lastName'.</msg>
<status status="PASS" starttime="20220708 15:52:23.620" endtime="20220708 15:52:23.775"/>
</kw>
<kw name="Choose File" library="SeleniumLibrary">
<arg>xpath=//*[@type='file']</arg>
<arg>${EXECDIR}${/}test_data${/}profile.PNG</arg>
<doc>Inputs the ``file_path`` into the file input field ``locator``.</doc>
<msg timestamp="20220708 15:52:23.777" level="INFO">Sending D:\Mine\Company\CGI4\orange_automation\test_data\profile.PNG to browser.</msg>
<status status="PASS" starttime="20220708 15:52:23.776" endtime="20220708 15:52:23.835"/>
</kw>
<kw name="Click Element" library="SeleniumLibrary">
<arg>id=btnSave</arg>
<doc>Click the element identified by ``locator``.</doc>
<msg timestamp="20220708 15:52:23.836" level="INFO">Clicking element 'id=btnSave'.</msg>
<status status="PASS" starttime="20220708 15:52:23.835" endtime="20220708 15:52:26.579"/>
</kw>
<kw name="Element Attribute Value Should Be" library="SeleniumLibrary">
<arg>id=personal_txtEmpFirstName</arg>
<arg>value</arg>
<arg>Bala</arg>
<doc>Verifies element identified by ``locator`` contains expected attribute value.</doc>
<msg timestamp="20220708 15:52:26.624" level="INFO">Element 'id=personal_txtEmpFirstName' attribute 'value' contains value 'Bala'.</msg>
<status status="PASS" starttime="20220708 15:52:26.584" endtime="20220708 15:52:26.624"/>
</kw>
<kw name="End Browser" library="CommonFunctionalities" type="TEARDOWN">
<kw name="Close Browser" library="SeleniumLibrary">
<doc>Closes the current browser.</doc>
<status status="PASS" starttime="20220708 15:52:26.626" endtime="20220708 15:52:29.202"/>
</kw>
<status status="PASS" starttime="20220708 15:52:26.625" endtime="20220708 15:52:29.202"/>
</kw>
<status status="PASS" starttime="20220708 15:52:10.770" endtime="20220708 15:52:29.203"/>
</test>
<doc>This suite handles test cases related to valid credential
connected with scenario SC_OH_2 and test case TC_OH_2</doc>
<status status="PASS" starttime="20220708 15:52:10.277" endtime="20220708 15:52:29.204"/>
</suite>
<statistics>
<total>
<stat pass="1" fail="0" skip="0">All Tests</stat>
</total>
<tag>
</tag>
<suite>
<stat pass="1" fail="0" skip="0" id="s1" name="Verify Add Employee Suite">Verify Add Employee Suite</stat>
</suite>
</statistics>
<errors>
</errors>
</robot>
