<?xml version="1.0" encoding="UTF-8"?>
<robot generator="Robot 5.0.1 (Python 3.10.2 on win32)" generated="20220707 17:43:32.671" rpa="false" schemaversion="3">
<suite id="s1" name="Verify Valid Credential Suite" source="D:\Mine\Company\CGI4\orange_automation\login_suite\verify_valid_credential_suite.robot">
<test id="s1-t1" name="TC1" line="13">
<kw name="Launch Browser" library="CommonFunctionalities" type="SETUP">
<kw name="Open Browser" library="SeleniumLibrary">
<arg>browser=${BROWSER_NAME}</arg>
<arg>executable_path=${EXECDIR}${/}driver${/}chromedriver.exe</arg>
<doc>Opens a new browser instance to the optional ``url``.</doc>
<msg timestamp="20220707 17:43:33.118" level="INFO">Opening browser 'chrome' to base url 'None'.</msg>
<status status="PASS" starttime="20220707 17:43:33.118" endtime="20220707 17:43:35.360"/>
</kw>
<kw name="Maximize Browser Window" library="SeleniumLibrary">
<doc>Maximizes current browser window.</doc>
<status status="PASS" starttime="20220707 17:43:35.361" endtime="20220707 17:43:35.491"/>
</kw>
<kw name="Set Selenium Implicit Wait" library="SeleniumLibrary">
<arg>30s</arg>
<doc>Sets the implicit wait value used by Selenium.</doc>
<status status="PASS" starttime="20220707 17:43:35.491" endtime="20220707 17:43:35.501"/>
</kw>
<kw name="Set Screenshot Directory" library="SeleniumLibrary">
<arg>path=${EXECDIR}${/}screenshots</arg>
<doc>Sets the directory for captured screenshots.</doc>
<status status="PASS" starttime="20220707 17:43:35.501" endtime="20220707 17:43:35.503"/>
</kw>
<kw name="Go To" library="SeleniumLibrary">
<arg>url=${URL}</arg>
<doc>Navigates the current browser window to the provided ``url``.</doc>
<msg timestamp="20220707 17:43:35.504" level="INFO">Opening url 'https://opensource-demo.orangehrmlive.com/'</msg>
<status status="PASS" starttime="20220707 17:43:35.503" endtime="20220707 17:43:39.783"/>
</kw>
<status status="PASS" starttime="20220707 17:43:33.117" endtime="20220707 17:43:39.783"/>
</kw>
<kw name="Verify Valid Credential Template">
<arg>Admin</arg>
<arg>admin123</arg>
<arg>My Info</arg>
<kw name="Input Text" library="SeleniumLibrary">
<arg>id=txtUsername</arg>
<arg>${username}</arg>
<doc>Types the given ``text`` into the text field identified by ``locator``.</doc>
<msg timestamp="20220707 17:43:39.786" level="INFO">Typing text 'Admin' into text field 'id=txtUsername'.</msg>
<status status="PASS" starttime="20220707 17:43:39.785" endtime="20220707 17:43:39.943"/>
</kw>
<kw name="Input Password" library="SeleniumLibrary">
<arg>css=#txtPassword</arg>
<arg>${password}</arg>
<doc>Types the given password into the text field identified by ``locator``.</doc>
<msg timestamp="20220707 17:43:39.944" level="INFO">Typing password into text field 'css=#txtPassword'.</msg>
<msg timestamp="20220707 17:43:40.030" level="INFO">Temporally setting log level to: NONE</msg>
<msg timestamp="20220707 17:43:40.116" level="INFO">Log level changed from NONE to INFO.</msg>
<status status="PASS" starttime="20220707 17:43:39.943" endtime="20220707 17:43:40.116"/>
</kw>
<kw name="Click Element" library="SeleniumLibrary">
<arg>id=btnLogin</arg>
<doc>Click the element identified by ``locator``.</doc>
<msg timestamp="20220707 17:43:40.117" level="INFO">Clicking element 'id=btnLogin'.</msg>
<status status="PASS" starttime="20220707 17:43:40.116" endtime="20220707 17:43:44.445"/>
</kw>
<kw name="Page Should Contain" library="SeleniumLibrary">
<arg>${expected_value}</arg>
<doc>Verifies that current page contains ``text``.</doc>
<msg timestamp="20220707 17:43:44.481" level="INFO">Current page contains text 'My Info'.</msg>
<status status="PASS" starttime="20220707 17:43:44.446" endtime="20220707 17:43:44.481"/>
</kw>
<status status="PASS" starttime="20220707 17:43:39.784" endtime="20220707 17:43:44.482"/>
</kw>
<kw name="End Browser" library="CommonFunctionalities" type="TEARDOWN">
<kw name="Close Browser" library="SeleniumLibrary">
<doc>Closes the current browser.</doc>
<status status="PASS" starttime="20220707 17:43:44.483" endtime="20220707 17:43:47.148"/>
</kw>
<status status="PASS" starttime="20220707 17:43:44.483" endtime="20220707 17:43:47.148"/>
</kw>
<status status="PASS" starttime="20220707 17:43:33.116" endtime="20220707 17:43:47.148"/>
</test>
<test id="s1-t2" name="TC2" line="14">
<kw name="Launch Browser" library="CommonFunctionalities" type="SETUP">
<kw name="Open Browser" library="SeleniumLibrary">
<arg>browser=${BROWSER_NAME}</arg>
<arg>executable_path=${EXECDIR}${/}driver${/}chromedriver.exe</arg>
<doc>Opens a new browser instance to the optional ``url``.</doc>
<msg timestamp="20220707 17:43:47.153" level="INFO">Opening browser 'chrome' to base url 'None'.</msg>
<status status="PASS" starttime="20220707 17:43:47.152" endtime="20220707 17:43:49.493"/>
</kw>
<kw name="Maximize Browser Window" library="SeleniumLibrary">
<doc>Maximizes current browser window.</doc>
<status status="PASS" starttime="20220707 17:43:49.493" endtime="20220707 17:43:49.615"/>
</kw>
<kw name="Set Selenium Implicit Wait" library="SeleniumLibrary">
<arg>30s</arg>
<doc>Sets the implicit wait value used by Selenium.</doc>
<status status="PASS" starttime="20220707 17:43:49.615" endtime="20220707 17:43:49.617"/>
</kw>
<kw name="Set Screenshot Directory" library="SeleniumLibrary">
<arg>path=${EXECDIR}${/}screenshots</arg>
<doc>Sets the directory for captured screenshots.</doc>
<status status="PASS" starttime="20220707 17:43:49.617" endtime="20220707 17:43:49.618"/>
</kw>
<kw name="Go To" library="SeleniumLibrary">
<arg>url=${URL}</arg>
<doc>Navigates the current browser window to the provided ``url``.</doc>
<msg timestamp="20220707 17:43:49.619" level="INFO">Opening url 'https://opensource-demo.orangehrmlive.com/'</msg>
<status status="PASS" starttime="20220707 17:43:49.618" endtime="20220707 17:43:53.352"/>
</kw>
<status status="PASS" starttime="20220707 17:43:47.152" endtime="20220707 17:43:53.352"/>
</kw>
<kw name="Verify Valid Credential Template">
<arg>Bala</arg>
<arg>bala123</arg>
<arg>My Info</arg>
<kw name="Input Text" library="SeleniumLibrary">
<arg>id=txtUsername</arg>
<arg>${username}</arg>
<doc>Types the given ``text`` into the text field identified by ``locator``.</doc>
<msg timestamp="20220707 17:43:53.356" level="INFO">Typing text 'Bala' into text field 'id=txtUsername'.</msg>
<status status="PASS" starttime="20220707 17:43:53.355" endtime="20220707 17:43:53.550"/>
</kw>
<kw name="Input Password" library="SeleniumLibrary">
<arg>css=#txtPassword</arg>
<arg>${password}</arg>
<doc>Types the given password into the text field identified by ``locator``.</doc>
<msg timestamp="20220707 17:43:53.552" level="INFO">Typing password into text field 'css=#txtPassword'.</msg>
<msg timestamp="20220707 17:43:53.646" level="INFO">Temporally setting log level to: NONE</msg>
<msg timestamp="20220707 17:43:53.744" level="INFO">Log level changed from NONE to INFO.</msg>
<status status="PASS" starttime="20220707 17:43:53.551" endtime="20220707 17:43:53.744"/>
</kw>
<kw name="Click Element" library="SeleniumLibrary">
<arg>id=btnLogin</arg>
<doc>Click the element identified by ``locator``.</doc>
<msg timestamp="20220707 17:43:53.745" level="INFO">Clicking element 'id=btnLogin'.</msg>
<status status="PASS" starttime="20220707 17:43:53.745" endtime="20220707 17:43:55.277"/>
</kw>
<kw name="Page Should Contain" library="SeleniumLibrary">
<arg>${expected_value}</arg>
<doc>Verifies that current page contains ``text``.</doc>
<msg timestamp="20220707 17:44:55.894" level="INFO" html="true">&lt;/td&gt;&lt;/tr&gt;&lt;tr&gt;&lt;td colspan="3"&gt;&lt;a href="screenshots/selenium-screenshot-3.png"&gt;&lt;img src="screenshots/selenium-screenshot-3.png" width="800px"&gt;&lt;/a&gt;</msg>
<msg timestamp="20220707 17:44:55.895" level="FAIL">Page should have contained text 'My Info' but did not.</msg>
<status status="FAIL" starttime="20220707 17:43:55.277" endtime="20220707 17:44:55.897"/>
</kw>
<status status="FAIL" starttime="20220707 17:43:53.353" endtime="20220707 17:44:55.898"/>
</kw>
<kw name="End Browser" library="CommonFunctionalities" type="TEARDOWN">
<kw name="Close Browser" library="SeleniumLibrary">
<doc>Closes the current browser.</doc>
<status status="PASS" starttime="20220707 17:44:55.902" endtime="20220707 17:44:58.468"/>
</kw>
<status status="PASS" starttime="20220707 17:44:55.901" endtime="20220707 17:44:58.468"/>
</kw>
<status status="FAIL" starttime="20220707 17:43:47.151" endtime="20220707 17:44:58.469">Page should have contained text 'My Info' but did not.</status>
</test>
<doc>This suite handles test cases related to valid credential
connected with scenario SC_OH_2 and test case TC_OH_2</doc>
<status status="FAIL" starttime="20220707 17:43:32.675" endtime="20220707 17:44:58.471"/>
</suite>
<statistics>
<total>
<stat pass="1" fail="1" skip="0">All Tests</stat>
</total>
<tag>
</tag>
<suite>
<stat pass="1" fail="1" skip="0" id="s1" name="Verify Valid Credential Suite">Verify Valid Credential Suite</stat>
</suite>
</statistics>
<errors>
</errors>
</robot>
