<?xml version="1.0" encoding="UTF-8"?>
<robot generator="Robot 5.0.1 (Python 3.10.2 on win32)" generated="20220708 17:38:32.229" rpa="false" schemaversion="3">
<suite id="s1" name="Demo1 Suite" source="D:\Mine\Company\CGI4\robot_project\request_suite\demo1_suite.robot">
<test id="s1-t1" name="TC4" line="35">
<kw name="Comment" library="BuiltIn">
<arg>Post req to add a pet</arg>
<doc>Displays the given messages in the log file as keyword arguments.</doc>
<status status="PASS" starttime="20220708 17:38:32.668" endtime="20220708 17:38:32.669"/>
</kw>
<kw name="Get Binary File" library="OperatingSystem">
<var>${json}</var>
<arg>${EXECDIR}${/}Files${/}data.json</arg>
<doc>Returns the contents of a specified file.</doc>
<msg timestamp="20220708 17:38:32.670" level="INFO" html="true">Getting file '&lt;a href="file://D:\Mine\Company\CGI4\robot_project\Files\data.json"&gt;D:\Mine\Company\CGI4\robot_project\Files\data.json&lt;/a&gt;'.</msg>
<msg timestamp="20220708 17:38:32.670" level="INFO">${json} = {
  "id": 1006,
  "category": {
    "id": 0,
    "name": "string"
  },
  "name": "doggie-cgkkk",
  "photoUrls": [
    "string"
  ],
  "tags": [
    {
      "id": 0,
      "name": "string"...</msg>
<status status="PASS" starttime="20220708 17:38:32.669" endtime="20220708 17:38:32.670"/>
</kw>
<kw name="Create Session" library="RequestsLibrary">
<arg>alias=petshop</arg>
<arg>url=https://petstore.swagger.io/v2/</arg>
<doc>Create Session: create a HTTP session to a server</doc>
<msg timestamp="20220708 17:38:32.671" level="INFO">Creating Session using : alias=petshop, url=https://petstore.swagger.io/v2/, headers={},                     cookies={}, auth=None, timeout=None, proxies=None, verify=False,                     debug=0 </msg>
<status status="PASS" starttime="20220708 17:38:32.671" endtime="20220708 17:38:32.672"/>
</kw>
<kw name="Create Dictionary" library="BuiltIn">
<var>&amp;{header_dic}</var>
<arg>Content-Type=application/json</arg>
<doc>Creates and returns a dictionary based on the given ``items``.</doc>
<msg timestamp="20220708 17:38:32.673" level="INFO">&amp;{header_dic} = { Content-Type=application/json }</msg>
<status status="PASS" starttime="20220708 17:38:32.672" endtime="20220708 17:38:32.673"/>
</kw>
<kw name="POST" library="RequestsLibrary">
<var>${response}</var>
<arg>alias=petshop</arg>
<arg>url=pet</arg>
<arg>headers=${header_dic}</arg>
<arg>data=${json}</arg>
<doc>Sends a POST request.</doc>
<msg timestamp="20220708 17:38:32.676" level="FAIL">TypeError: Session.request() got an unexpected keyword argument 'alias'</msg>
<status status="FAIL" starttime="20220708 17:38:32.673" endtime="20220708 17:38:32.755"/>
</kw>
<kw name="Log To Console" library="BuiltIn">
<arg>${response.json()}</arg>
<doc>Logs the given message to the console.</doc>
<status status="NOT RUN" starttime="20220708 17:38:32.756" endtime="20220708 17:38:32.756"/>
</kw>
<kw name="Log" library="BuiltIn">
<arg>${response.json()}</arg>
<doc>Logs the given message with the given level.</doc>
<status status="NOT RUN" starttime="20220708 17:38:32.757" endtime="20220708 17:38:32.757"/>
</kw>
<kw name="Status Should Be" library="RequestsLibrary">
<arg>200</arg>
<arg>${response}</arg>
<doc>Fails if response status code is different than the expected.</doc>
<status status="NOT RUN" starttime="20220708 17:38:32.766" endtime="20220708 17:38:32.766"/>
</kw>
<status status="FAIL" starttime="20220708 17:38:32.667" endtime="20220708 17:38:32.773">TypeError: Session.request() got an unexpected keyword argument 'alias'</status>
</test>
<status status="FAIL" starttime="20220708 17:38:32.231" endtime="20220708 17:38:32.777"/>
</suite>
<statistics>
<total>
<stat pass="0" fail="1" skip="0">All Tests</stat>
</total>
<tag>
</tag>
<suite>
<stat pass="0" fail="1" skip="0" id="s1" name="Demo1 Suite">Demo1 Suite</stat>
</suite>
</statistics>
<errors>
</errors>
</robot>
